0.657803 43
0.070295 44
3.252509 76
0.680160 43
3.358565 2
0.658209 35
2.551573 52
2.883882 84
0.635463 43
3.314206 37
0.775608 21
6.926858 2
0.703603 3582
0.010307 2
2.097289 2
0.497837 2
0.032960 2
0.032709 2
0.032873 2
0.032944 2
0.032931 2
0.035408 2
0.032540 2
0.031176 2
0.032871 2
0.033707 2
0.031982 2
0.033334 2
0.401159 2
0.159881 2
0.162089 4
0.326118 1
0.498657 1
0.032512 1
0.033516 1
0.032998 1
0.035773 1
0.029679 1
0.463795 62
0.963523 41
0.210829 42
0.888400 42
0.127449 42
0.181211 42
0.484956 42
0.285921 42
0.154616 42
0.310545 42
1.702862 18
0.281373 44
0.702361 1
0.264028 1
0.151868 21
0.185703 84
0.003789 45
4.062028 77
1.524543 10
2.703069 2
1.369430 4095
0.020420 1376
0.001494 64
3.441449 203
0.383667 112
0.003569 17
5.158556 44
0.734415 1
0.223828 1
0.128150 28
0.307765 116
0.010439 25
2.714174 2
0.647619 143
0.003667 25
2.583082 2
1.653029 143
0.003345 25
2.928691 2
5.460771 160
2.064988 83
0.032202 124
0.013604 141
0.013194 195
0.017214 200
0.015679 110
0.014209 101
0.016636 118
0.015041 169
0.012971 185
0.013035 18
0.018455 17
0.007583 145
0.021412 1772
0.021919 1110
0.016129 64
0.014667 117
0.015356 164
0.020576 219
0.013695 274
0.016450 227
0.017151 44
0.005670 43
0.006416 44
0.004933 44
0.005478 44
0.004695 45
0.005839 44
0.005247 43
0.007468 46
0.007314 43
0.006056 46
0.004640 48
0.005356 51
0.004459 52
0.005119 57
0.005954 46
0.007037 50
0.005679 44
0.005776 48
0.006595 45
0.002119 34
0.004448 32
0.005021 24
0.006912 24
0.002166 23
0.002361 26
0.004117 30
0.004281 33
0.005107 34
0.007496 28
0.007166 22
0.004947 27
0.004641 25
0.004237 23
0.004934 29
0.008046 29
0.008226 26
0.005547 26
0.004849 26
0.004435 25
0.004820 25
0.005449 28
0.004477 39
0.002886 22
0.002790 26
0.002297 26
0.003298 18
0.004134 12
0.004538 32
0.005412 14
0.003776 20
0.004455 19
0.004666 28
0.008583 32
0.005179 24
0.006082 24
0.002524 12
0.004773 23
0.007718 18
0.006656 19
0.002050 23
0.001304 23
0.003737 27
0.005204 18
0.004334 22
0.003014 15
0.005407 13
0.007523 14
0.004498 18
0.004496 25
0.005284 18
0.005476 20
0.004601 26
0.001986 16
0.005095 15
0.006351 23
0.005284 19
0.004404 114
0.016356 97
0.015131 22
0.213136 76
0.072852 64
0.027510 48
0.022078 68
0.013669 109
0.019089 129
0.014891 161
0.013994 80
0.015795 102
0.017856 16
0.005636 575
0.042361 265
0.017099 183
0.013495 120
0.017168 159
0.014297 159
0.013214 109
0.013704 103
0.016166 33
0.008035 127
0.012893 88
0.014661 290
0.015110 76
0.014099 46
0.011559 104
0.013864 44
0.152863 93
0.029808 286
0.024348 266
0.013061 219
0.014713 227
0.014227 401
0.022555 160
0.016043 343
0.016402 352
0.016021 276
0.016337 288
0.014855 217
0.013960 391
0.015308 284
0.015633 356
0.015556 321
0.015490 215
0.018333 401
0.016156 405
0.015001 229
0.017944 233
0.017769 289
0.023808 56
0.066510 168
0.015630 166
0.047682 225
0.015304 209
0.024104 108
0.017026 217
0.023311 162
0.018391 212
0.020343 209
0.020071 212
0.018513 220
0.021727 163
0.015805 233
0.019943 114
0.015188 231
0.019802 227
0.018857 167
0.015760 169
0.014621 229
0.021699 161
0.021910 156
0.018044 164
0.020422 228
0.015862 301
0.031335 225
0.016723 223
0.022413 330
0.018546 225
0.019290 221
0.023007 263
0.016855 163
0.016380 279
0.016287 416
0.026594 213
0.014419 271
0.015420 279
0.015543 229
0.014266 398
0.014081 394
0.014593 275
0.017369 269
0.014954 381
0.022220 268
0.015540 334
0.016272 267
0.014716 392
0.014444 217
0.018739 241
0.033731 253
0.019315 285
0.014983 398
0.014733 319
0.021625 269
0.019426 231
0.015754 342
0.016243 286
0.014289 270
0.023674 324
0.018474 312
0.015632 237
0.014343 292
0.018647 332
0.015692 104
0.008162 326
0.016433 319
0.019865 324
0.017740 229
0.016323 281
0.014753 214
0.023861 280
0.022943 382
0.013661 277
0.018493 402
0.019036 390
0.016418 221
0.017403 273
0.014579 390
0.013544 233
0.015056 310
0.018643 280
0.015641 330
0.018401 321
0.018936 165
0.012002 382
0.014335 277
0.014102 273
0.020529 330
0.015026 325
0.017780 388
0.018667 384
0.016491 225
0.011714 237
0.015689 274
0.016908 286
0.020218 332
0.018047 284
0.013031 276
0.018495 320
0.016678 280
0.014038 223
0.017719 230
0.013660 232
0.019042 280
0.016593 322
0.014443 55
0.007334 223
0.028842 172
0.019464 104
0.015667 213
0.016689 213
0.014318 326
0.014784 319
0.017464 408
0.016828 225
0.018903 283
0.014242 416
0.016990 209
0.016468 347
0.016084 393
0.023970 288
0.017282 225
0.017505 379
0.016826 381
0.015675 266
0.019839 272
0.017290 391
0.017718 288
0.016444 330
0.014860 329
0.019757 393
0.017246 235
0.017838 409
0.014192 280
0.013906 220
0.014466 267
0.016205 383
0.015126 240
0.016056 406
0.015040 281
0.018534 273
0.016271 393
0.021176 274
0.019739 371
0.015275 218
0.013010 416
0.014993 293
0.015514 222
0.015542 393
0.015070 279
0.013906 232
0.015140 401
0.016287 112
0.015320 386
0.014482 224
0.020495 391
0.017118 329
0.022249 379
0.017168 280
0.014517 342
0.015760 270
0.013690 405
0.015727 229
0.016065 325
0.014899 338
0.020906 327
0.014204 340
0.017543 55
0.016373 220
0.015541 271
0.016267 330
0.016197 347
0.019532 217
0.014302 336
0.013916 341
0.017736 217
0.013597 404
0.014742 291
0.014983 388
0.022403 231
0.015289 56
0.004139 322
0.019403 335
0.021304 279
0.013699 313
0.018033 213
0.014900 399
0.015954 233
0.017593 221
0.018404 305
0.013967 340
0.016285 225
0.015207 337
0.016861 231
0.017058 332
0.013093 329
0.017185 229
0.015487 393
0.013968 222
0.016411 277
0.013492 379
0.015781 160
0.014641 277
0.014734 273
0.019872 334
0.014264 285
0.015361 285
0.017206 217
0.014228 330
0.014137 278
0.015629 373
0.020548 317
0.016677 213
0.014802 401
0.019965 231
0.018498 385
0.016656 335
0.026595 384
0.016857 406
0.019925 267
0.017245 384
0.016397 283
0.018957 400
0.017582 333
0.016418 167
0.015299 392
0.014144 355
0.014686 231
0.016435 223
0.018583 227
0.016632 174
0.017438 282
0.017430 223
0.015659 219
0.019684 221
0.015028 223
0.016745 225
0.014384 227
0.015904 336
0.018792 217
0.010223 333
0.015324 346
0.020026 277
0.013636 265
0.013868 393
0.016088 274
0.014915 326
0.016351 229
0.015368 53
0.006037 219
0.015422 407
0.014957 274
0.016195 377
0.015861 353
0.015736 237
0.015181 350
0.013110 341
0.015314 354
0.017857 329
0.015025 322
0.017643 359
0.015292 392
0.014546 263
0.018440 392
0.017563 222
0.015306 424
0.017434 270
0.018492 326
0.014302 349
0.021125 381
0.015702 278
0.017219 330
0.016188 339
0.017465 340
0.016722 317
0.017761 375
0.015437 224
0.018247 386
0.014944 341
0.016000 350
0.017719 335
0.014577 387
0.017091 264
0.019981 336
0.015276 266
0.014230 393
0.015755 280
0.013178 292
0.015402 352
0.013614 54
0.005025 269
0.026189 219
0.016064 326
0.019044 288
0.015903 282
0.015229 334
0.012683 245
0.015207 205
0.014654 217
0.012348 45
0.008275 54
0.014909 121
0.012442 276
0.028999 190
0.013327 223
0.012954 220
0.069904 263
0.012247 404
0.013821 266
0.015363 281
0.013440 159
0.014581 260
0.015463 246
0.013194 150
0.014867 382
0.015970 113
0.014110 165
0.015988 112
0.014389 287
0.017639 202
0.017389 168
0.016277 250
0.015962 83
0.012451 84
0.013089 109
0.014539 107
0.011854 178
0.015192 218
0.018205 216
0.014773 215
0.014783 244
0.013229 182
0.014199 177
0.016660 70
0.013267 78
0.016723 308
0.013950 254
0.013162 87
0.012874 116
0.014098 594
0.013828 136
0.016128 229
0.012074 123
0.021754 144
0.017496 95
0.023961 147
0.018805 345
0.020139 108
0.015811 254
0.016216 24
0.006614 86
0.016383 230
0.012210 320
0.016711 94
0.018927 57
0.014103 179
0.013985 134
0.017099 211
0.013890 79
0.013366 235
0.013500 92
0.011828 154
0.017081 224
0.014386 146
0.021135 102
0.017920 48
0.011481 891
0.789906 147
2.663122 2
1.709500 37
0.000389 83
0.495859 115
0.976300 10
2.510152 2
0.721700 4095
0.020210 1204
0.000942 2
1.362309 2
0.144140 2
0.162313 1
1.711123 173
0.322352 127
0.642163 30
0.954936 1
0.246868 1
0.128049 28
0.385629 116
0.010525 52
6.439177 84
1.572756 35
7.419213 2
0.860717 160
2.318540 1
3.179094 2
0.631999 130
0.027416 35
0.176673 35
0.619630 2
0.574646 130
2.429817 35
0.173021 35
1.476525 1
5.768558 1
0.178057 23
4.240358 2
1.639792 4095
2.872492 2743
0.001931 4095
0.009340 1044
0.002046 4095
0.008914 2245
0.000137 2391
0.021753 4095
0.019558 366
0.002029 4095
0.008351 2531
0.002936 4095
0.011604 2731
0.003506 4095
0.008907 2881
0.001926 4095
0.007490 2802
0.001843 4095
0.007885 2840
0.001647 4095
0.015300 2835
0.001877 4095
0.010160 2898
0.001255 4095
0.008427 2853
0.000083 4095
0.014369 2828
0.000534 4095
0.017893 2818
0.001604 4095
0.013414 2843
0.004134 4095
0.007911 2868
0.001526 4095
0.013306 402
0.002311 4095
0.025650 2835
0.002941 4095
0.013568 2819
0.001483 4095
0.010218 2887
0.001527 4095
0.012159 2829
0.001313 4095
0.012638 2860
0.000096 4095
0.016629 2847
0.002137 4095
0.012194 2806
0.000146 4095
0.015210 237
0.001878 4095
0.025774 2719
0.001109 4095
0.008546 2886
0.002327 4095
0.010661 2814
0.002209 4095
0.008065 2895
0.001392 4095
0.010717 2806
0.002059 4095
0.012173 2823
0.001253 4095
0.006198 2820
0.001410 4095
0.011888 2551
0.001760 4095
0.015691 2317
0.000065 4095
0.010716 2679
0.001496 4095
0.009338 2284
0.002132 4095
0.012457 2416
0.003310 4095
0.009631 1541
0.001445 35
0.237780 60
0.922805 52
0.872580 3
0.743773 3
0.176118 3
0.152009 3
0.168320 3
0.199703 4
0.328658 4
0.152140 4
0.159282 122
0.168256 122
0.728046 125
0.207865 128
0.264342 131
0.175800 134
0.272217 153
0.751604 1
0.383741 1
0.272101 1
0.416501 1
0.175532 1
0.248170 2
0.696915 35
3.348979 1
3.194183 1
0.927604 1
0.343216 1
0.101416 1
0.277419 1
0.325847 1
0.193790 1
0.281283 1
0.189057 1
0.335696 1
0.337238 4
0.630723 4
0.360266 1
0.143406 1
0.160107 1
0.752149 1
0.200675 1
3.815038 1
0.039700 1
0.375871 1
0.264503 2
0.360417 111
0.006323 35
0.001442 1
2.135382 1
0.096277 1
0.096176 1
0.663619 1
0.439950 1
0.159814 1
0.328135 2
0.648846 56
0.007328 1
1.883095 1
0.183363 1
0.429172 1
1.177024 1
0.227790 1
0.203175 1
0.202173 1
0.085794 1
0.136109 2
1.024558 67
0.001993 6
